<?xml version="1.0" encoding="UTF-8"?>
<!-- Generated by org.testng.reporters.JUnitReportReporter -->
<testsuite skipped="0" hostname="INSPIRON3421" name="com.testng.test.NewTest" tests="1" failures="0" timestamp="15 May 2018 03:31:48 GMT" time="85.535" errors="0">
  <testcase name="f" time="85.535" classname="com.testng.test.NewTest"/>
</testsuite> <!-- com.testng.test.NewTest -->
