<?xml version="1.0" encoding="UTF-8"?>
<!-- Generated by org.testng.reporters.JUnitReportReporter -->
<testsuite skipped="0" hostname="INSPIRON3421" name="com.calibroz.testng.test.signup.SignUpTest" tests="1" failures="0" timestamp="18 Apr 2018 03:40:43 GMT" time="0.000" errors="0">
  <testcase name="signUpTest" time="0.000" classname="com.calibroz.testng.test.signup.SignUpTest"/>
</testsuite> <!-- com.calibroz.testng.test.signup.SignUpTest -->
