<?xml version="1.0" encoding="UTF-8"?>
<!-- Generated by org.testng.reporters.JUnitReportReporter -->
<testsuite skipped="0" hostname="INSPIRON3421" name="com.calibroz.testng.test.login.LoginTest" tests="2" failures="0" timestamp="18 Apr 2018 03:40:43 GMT" time="0.035" errors="0">
  <testcase name="loginTest1" time="0.000" classname="com.calibroz.testng.test.login.LoginTest"/>
  <testcase name="loginTest1" time="0.035" classname="com.calibroz.testng.test.login.LoginTest"/>
</testsuite> <!-- com.calibroz.testng.test.login.LoginTest -->
