<?xml version="1.0" encoding="UTF-8"?>
<!-- Generated by org.testng.reporters.JUnitReportReporter -->
<testsuite skipped="0" hostname="INSPIRON3421" name="com.testng.com.testng.test.NewTest" tests="1" failures="0" timestamp="03 May 2018 02:39:51 GMT" time="0.029" errors="0">
  <testcase name="f" time="0.029" classname="com.testng.com.testng.test.NewTest"/>
</testsuite> <!-- com.testng.com.testng.test.NewTest -->
