<?xml version="1.0" encoding="UTF-8"?>
<!-- Generated by org.testng.reporters.JUnitReportReporter -->
<testsuite skipped="0" hostname="SAJAN-PC" name="firefoxTest.NewTest" tests="2" failures="0" timestamp="25 Jan 2019 12:30:49 GMT" time="0.007" errors="0">
  <testcase name="f" time="0.000" classname="firefoxTest.NewTest"/>
  <testcase name="f" time="0.007" classname="firefoxTest.NewTest"/>
</testsuite> <!-- firefoxTest.NewTest -->
